#
# A fatal error has been detected by the Java Runtime Environment:
#
#  EXCEPTION_ACCESS_VIOLATION (0xc0000005) at pc=0x1a53cb77, pid=5904, tid=3204
#
# JRE version: Java(TM) SE Runtime Environment (8.0_73-b02) (build 1.8.0_73-b02)
# Java VM: Java HotSpot(TM) Client VM (25.73-b02 mixed mode, sharing windows-x86 )
# Problematic frame:
# C  0x1a53cb77
#
# Failed to write core dump. Minidumps are not enabled by default on client versions of Windows
#
# If you would like to submit a bug report, please visit:
#   http://bugreport.java.com/bugreport/crash.jsp
# The crash happened outside the Java Virtual Machine in native code.
# See problematic frame for where to report the bug.
#

---------------  T H R E A D  ---------------

Current thread (0x1652b000):  JavaThread "Thread-16" [_thread_in_native, id=3204, stack(0x1a690000,0x1a6e0000)]

siginfo: ExceptionCode=0xc0000005, ExceptionInformation=0x00000008 0x1a53cb77

Registers:
EAX=0x00000001, EBX=0x00000000, ECX=0x27b76410, EDX=0x00000f05
ESP=0x1a6df428, EBP=0x1a6df428, ESI=0x00000000, EDI=0x1a6df4c0
EIP=0x1a53cb77, EFLAGS=0x00010246

Top of Stack: (sp=0x1a6df428)
0x1a6df428:   1a6df468 1a53c7c2 1a53c5a0 1a6df450
0x1a6df438:   00000000 00000001 1a6df6b4 5a342940
0x1a6df448:   1a6df468 1a53134b 1a6df650 1a6df6b4
0x1a6df458:   1a6df490 1a6df4a0 1a6df4a0 00000000
0x1a6df468:   1a6df698 1a534561 1a6df650 5a342940
0x1a6df478:   1a6df6b4 1a6df490 1a6df4a0 1a6df4a8
0x1a6df488:   00000010 1a53420c 00000006 00000004
0x1a6df498:   00000000 1a5341ee 00000000 00000000 

Instructions: (pc=0x1a53cb77)
0x1a53cb57:   
[error occurred during error reporting (printing registers, top of stack, instructions near pc), id 0xc0000005]

Register to memory mapping:

EAX=0x00000001 is an unknown value
EBX=0x00000000 is an unknown value
ECX=0x27b76410 is an unknown value
EDX=0x00000f05 is an unknown value
ESP=0x1a6df428 is pointing into the stack for thread: 0x1652b000
EBP=0x1a6df428 is pointing into the stack for thread: 0x1652b000
ESI=0x00000000 is an unknown value
EDI=0x1a6df4c0 is pointing into the stack for thread: 0x1652b000


Stack: [0x1a690000,0x1a6e0000],  sp=0x1a6df428,  free space=317k
Native frames: (J=compiled Java code, j=interpreted, Vv=VM code, C=native code)
C  0x1a53cb77
C  0x1a53c7c2
C  0x1a534561
C  0x1a534d2e
J 1737  com.sun.jna.Function.invokeInt(I[Ljava/lang/Object;)I (0 bytes) @ 0x0294a42d [0x0294a390+0x9d]
J 1734 C1 com.sun.jna.Function.invoke([Ljava/lang/Object;Ljava/lang/Class;Z)Ljava/lang/Object; (1125 bytes) @ 0x0294c5f4 [0x0294adf0+0x1804]
J 1008 C1 com.sun.jna.Function.invoke(Ljava/lang/Class;[Ljava/lang/Object;Ljava/util/Map;)Ljava/lang/Object; (526 bytes) @ 0x02804558 [0x028040d0+0x488]
J 1733 C1 com.sun.jna.Library$Handler.invoke(Ljava/lang/Object;Ljava/lang/reflect/Method;[Ljava/lang/Object;)Ljava/lang/Object; (345 bytes) @ 0x02948fb4 [0x02948830+0x784]
J 2802% C1 iristk.agent.face.Face.runFace()V (611 bytes) @ 0x027697c0 [0x027686a0+0x1120]
j  iristk.agent.face.Face$1.run()V+35
v  ~StubRoutines::call_stub
V  [jvm.dll+0x158bf5]
V  [jvm.dll+0x21e0be]
V  [jvm.dll+0x158c8e]
V  [jvm.dll+0x158e16]
V  [jvm.dll+0x158e87]
V  [jvm.dll+0xfd68f]
V  [jvm.dll+0x17c03c]
V  [jvm.dll+0x17c12a]
V  [jvm.dll+0x1c0636]
C  [msvcr100.dll+0x5c556]
C  [msvcr100.dll+0x5c600]
C  [kernel32.dll+0x133aa]
C  [ntdll.dll+0x39f72]
C  [ntdll.dll+0x39f45]
C  0x00000000

Java frames: (J=compiled Java code, j=interpreted, Vv=VM code)
J 1737  com.sun.jna.Function.invokeInt(I[Ljava/lang/Object;)I (0 bytes) @ 0x0294a3e9 [0x0294a390+0x59]
J 1734 C1 com.sun.jna.Function.invoke([Ljava/lang/Object;Ljava/lang/Class;Z)Ljava/lang/Object; (1125 bytes) @ 0x0294c5f4 [0x0294adf0+0x1804]
J 1008 C1 com.sun.jna.Function.invoke(Ljava/lang/Class;[Ljava/lang/Object;Ljava/util/Map;)Ljava/lang/Object; (526 bytes) @ 0x02804558 [0x028040d0+0x488]
J 1733 C1 com.sun.jna.Library$Handler.invoke(Ljava/lang/Object;Ljava/lang/reflect/Method;[Ljava/lang/Object;)Ljava/lang/Object; (345 bytes) @ 0x02948fb4 [0x02948830+0x784]
J 2802% C1 iristk.agent.face.Face.runFace()V (611 bytes) @ 0x027697c0 [0x027686a0+0x1120]
j  iristk.agent.face.Face$1.run()V+35
v  ~StubRoutines::call_stub

---------------  P R O C E S S  ---------------

Java Threads: ( => current thread )
  0x2049f800 JavaThread "Thread-15" [_thread_blocked, id=3924, stack(0x25b60000,0x25bb0000)]
  0x2049e800 JavaThread "Thread-49" daemon [_thread_in_native, id=4616, stack(0x27bc0000,0x27c10000)]
  0x2049e000 JavaThread "Thread-43" daemon [_thread_in_native, id=5128, stack(0x25a10000,0x25a60000)]
  0x2049dc00 JavaThread "Thread-36" daemon [_thread_in_native, id=2272, stack(0x25f80000,0x25fd0000)]
  0x1652f000 JavaThread "Thread-35" daemon [_thread_in_native, id=5436, stack(0x25480000,0x254d0000)]
  0x1652ec00 JavaThread "Thread-23" [_thread_blocked, id=5472, stack(0x25570000,0x255c0000)]
  0x1652e400 JavaThread "DestroyJavaVM" [_thread_blocked, id=2096, stack(0x00e00000,0x00e50000)]
  0x1652dc00 JavaThread "Thread-20" [_thread_blocked, id=5448, stack(0x25430000,0x25480000)]
  0x1652d800 JavaThread "Thread-4" [_thread_blocked, id=4104, stack(0x237e0000,0x23830000)]
  0x1652d000 JavaThread "Thread-21" [_thread_blocked, id=1304, stack(0x21e10000,0x21e60000)]
  0x1652cc00 JavaThread "Thread-19" [_thread_blocked, id=6004, stack(0x21a00000,0x21a50000)]
  0x1652c400 JavaThread "SpeechThread" [_thread_blocked, id=4292, stack(0x1f060000,0x1f0b0000)]
  0x1652c000 JavaThread "Thread-18" [_thread_blocked, id=4356, stack(0x20610000,0x20660000)]
=>0x1652b000 JavaThread "Thread-16" [_thread_in_native, id=3204, stack(0x1a690000,0x1a6e0000)]
  0x1652ac00 JavaThread "Thread-14" [_thread_blocked, id=4596, stack(0x1a590000,0x1a5e0000)]
  0x1652a400 JavaThread "Thread-13" [_thread_blocked, id=1144, stack(0x1a4e0000,0x1a530000)]
  0x1652a000 JavaThread "Thread-12" daemon [_thread_in_native, id=3984, stack(0x17a60000,0x17ab0000)]
  0x16529800 JavaThread "Thread-11" [_thread_in_native, id=3616, stack(0x17c00000,0x17c50000)]
  0x16529400 JavaThread "Thread-10" [_thread_blocked, id=5536, stack(0x17280000,0x172d0000)]
  0x16528c00 JavaThread "Thread-9" [_thread_blocked, id=5256, stack(0x17180000,0x171d0000)]
  0x16528400 JavaThread "Thread-8" [_thread_blocked, id=6140, stack(0x17020000,0x17070000)]
  0x16528000 JavaThread "Thread-7" [_thread_blocked, id=5952, stack(0x16f50000,0x16fa0000)]
  0x16527800 JavaThread "Thread-6" [_thread_blocked, id=1504, stack(0x15830000,0x15880000)]
  0x162a8000 JavaThread "Thread-5" [_thread_blocked, id=1868, stack(0x16a70000,0x16ac0000)]
  0x1627c400 JavaThread "Thread-3" [_thread_blocked, id=3156, stack(0x16910000,0x16960000)]
  0x1626bc00 JavaThread "AWT-EventQueue-0" [_thread_blocked, id=3828, stack(0x16970000,0x169c0000)]
  0x16269c00 JavaThread "TimerQueue" daemon [_thread_blocked, id=5412, stack(0x169c0000,0x16a10000)]
  0x16268000 JavaThread "Thread-2" [_thread_blocked, id=4300, stack(0x15be0000,0x15c30000)]
  0x1625d800 JavaThread "AWT-Shutdown" [_thread_blocked, id=2292, stack(0x16630000,0x16680000)]
  0x1625a800 JavaThread "Java2D Disposer" daemon [_thread_blocked, id=5084, stack(0x15fb0000,0x16000000)]
  0x00b30000 JavaThread "Service Thread" daemon [_thread_blocked, id=1768, stack(0x15c90000,0x15ce0000)]
  0x00b10000 JavaThread "C1 CompilerThread0" daemon [_thread_blocked, id=3764, stack(0x15890000,0x158e0000)]
  0x00b0ec00 JavaThread "Attach Listener" daemon [_thread_blocked, id=3488, stack(0x15aa0000,0x15af0000)]
  0x00b0c000 JavaThread "Signal Dispatcher" daemon [_thread_blocked, id=4000, stack(0x15970000,0x159c0000)]
  0x00aa8800 JavaThread "Finalizer" daemon [_thread_blocked, id=1508, stack(0x151b0000,0x15200000)]
  0x00aa3c00 JavaThread "Reference Handler" daemon [_thread_blocked, id=2372, stack(0x00d40000,0x00d90000)]

Other Threads:
  0x00aa0800 VMThread [stack: 0x01170000,0x011c0000] [id=3856]
  0x00b42400 WatcherThread [stack: 0x15c30000,0x15c80000] [id=5088]

VM state:not at safepoint (normal execution)

VM Mutex/Monitor currently owned by a thread: None

Heap:
 def new generation   total 14848K, used 6897K [0x04600000, 0x05610000, 0x09b50000)
  eden space 13248K,  50% used [0x04600000, 0x04c79900, 0x052f0000)
  from space 1600K,  16% used [0x052f0000, 0x05332c28, 0x05480000)
  to   space 1600K,   0% used [0x05480000, 0x05480000, 0x05610000)
 tenured generation   total 32680K, used 21087K [0x09b50000, 0x0bb3a000, 0x14600000)
   the space 32680K,  64% used [0x09b50000, 0x0afe7f00, 0x0afe8000, 0x0bb3a000)
 Metaspace       used 10036K, capacity 10286K, committed 10368K, reserved 10624K

Card table byte_map: [0x00b80000,0x00c10000] byte_map_base: 0x00b5d000

Polling page: 0x00380000

CodeCache: size=32768Kb used=3767Kb max_used=5186Kb free=29000Kb
 bounds [0x02600000, 0x02b18000, 0x04600000]
 total_blobs=1917 nmethods=1641 adapters=206
 compilation: enabled

Compilation events (10 events):
Event: 90.729 Thread 0x00b10000 3176             iristk.system.Event::getName (5 bytes)
Event: 90.729 Thread 0x00b10000 nmethod 3176 0x02715dc8 code [0x02715ec0, 0x02715f40]
Event: 90.730 Thread 0x00b10000 3177             java.util.regex.Pattern$CharProperty$1::isSatisfiedBy (17 bytes)
Event: 90.731 Thread 0x00b10000 nmethod 3177 0x0297f0c8 code [0x0297f1d0, 0x0297f27c]
Event: 90.731 Thread 0x00b10000 3178             java.util.TimSort::countRunAndMakeAscending (128 bytes)
Event: 90.732 Thread 0x00b10000 nmethod 3178 0x02751d88 code [0x02751ed0, 0x02752244]
Event: 90.977 Thread 0x00b10000 3179             java.util.IdentityHashMap$KeySet::iterator (13 bytes)
Event: 90.978 Thread 0x00b10000 nmethod 3179 0x02751ac8 code [0x02751bd0, 0x02751cbc]
Event: 91.352 Thread 0x00b10000 3180             java.util.IdentityHashMap::unmaskNull (13 bytes)
Event: 91.352 Thread 0x00b10000 nmethod 3180 0x02802ec8 code [0x02802fc0, 0x02803040]

GC Heap History (10 events):
Event: 28.758 GC heap before
{Heap before GC invocations=53 (full 2):
 def new generation   total 8640K, used 8267K [0x04600000, 0x04f50000, 0x09b50000)
  eden space 7744K, 100% used [0x04600000, 0x04d90000, 0x04d90000)
  from space 896K,  58% used [0x04d90000, 0x04e12cb0, 0x04e70000)
  to   space 896K,   0% used [0x04e70000, 0x04e70000, 0x04f50000)
 tenured generation   total 18860K, used 16908K [0x09b50000, 0x0adbb000, 0x14600000)
   the space 18860K,  89% used [0x09b50000, 0x0abd3288, 0x0abd3400, 0x0adbb000)
 Metaspace       used 9867K, capacity 10092K, committed 10112K, reserved 10624K
Event: 28.840 GC heap after
Heap after GC invocations=54 (full 3):
 def new generation   total 14848K, used 0K [0x04600000, 0x05610000, 0x09b50000)
  eden space 13248K,   0% used [0x04600000, 0x04600000, 0x052f0000)
  from space 1600K,   0% used [0x052f0000, 0x052f0000, 0x05480000)
  to   space 1600K,   0% used [0x05480000, 0x05480000, 0x05610000)
 tenured generation   total 32680K, used 19607K [0x09b50000, 0x0bb3a000, 0x14600000)
   the space 32680K,  59% used [0x09b50000, 0x0ae75ef8, 0x0ae76000, 0x0bb3a000)
 Metaspace       used 9867K, capacity 10092K, committed 10112K, reserved 10624K
}
Event: 30.981 GC heap before
{Heap before GC invocations=54 (full 3):
 def new generation   total 14848K, used 13248K [0x04600000, 0x05610000, 0x09b50000)
  eden space 13248K, 100% used [0x04600000, 0x052f0000, 0x052f0000)
  from space 1600K,   0% used [0x052f0000, 0x052f0000, 0x05480000)
  to   space 1600K,   0% used [0x05480000, 0x05480000, 0x05610000)
 tenured generation   total 32680K, used 19607K [0x09b50000, 0x0bb3a000, 0x14600000)
   the space 32680K,  59% used [0x09b50000, 0x0ae75ef8, 0x0ae76000, 0x0bb3a000)
 Metaspace       used 10014K, capacity 10284K, committed 10368K, reserved 10624K
Event: 30.986 GC heap after
Heap after GC invocations=55 (full 3):
 def new generation   total 14848K, used 1403K [0x04600000, 0x05610000, 0x09b50000)
  eden space 13248K,   0% used [0x04600000, 0x04600000, 0x052f0000)
  from space 1600K,  87% used [0x05480000, 0x055decf0, 0x05610000)
  to   space 1600K,   0% used [0x052f0000, 0x052f0000, 0x05480000)
 tenured generation   total 32680K, used 19607K [0x09b50000, 0x0bb3a000, 0x14600000)
   the space 32680K,  59% used [0x09b50000, 0x0ae75ef8, 0x0ae76000, 0x0bb3a000)
 Metaspace       used 10014K, capacity 10284K, committed 10368K, reserved 10624K
}
Event: 47.143 GC heap before
{Heap before GC invocations=55 (full 3):
 def new generation   total 14848K, used 14651K [0x04600000, 0x05610000, 0x09b50000)
  eden space 13248K, 100% used [0x04600000, 0x052f0000, 0x052f0000)
  from space 1600K,  87% used [0x05480000, 0x055decf0, 0x05610000)
  to   space 1600K,   0% used [0x052f0000, 0x052f0000, 0x05480000)
 tenured generation   total 32680K, used 19607K [0x09b50000, 0x0bb3a000, 0x14600000)
   the space 32680K,  59% used [0x09b50000, 0x0ae75ef8, 0x0ae76000, 0x0bb3a000)
 Metaspace       used 10032K, capacity 10286K, committed 10368K, reserved 10624K
Event: 47.148 GC heap after
Heap after GC invocations=56 (full 3):
 def new generation   total 14848K, used 986K [0x04600000, 0x05610000, 0x09b50000)
  eden space 13248K,   0% used [0x04600000, 0x04600000, 0x052f0000)
  from space 1600K,  61% used [0x052f0000, 0x053e6b78, 0x05480000)
  to   space 1600K,   0% used [0x05480000, 0x05480000, 0x05610000)
 tenured generation   total 32680K, used 20136K [0x09b50000, 0x0bb3a000, 0x14600000)
   the space 32680K,  61% used [0x09b50000, 0x0aefa248, 0x0aefa400, 0x0bb3a000)
 Metaspace       used 10032K, capacity 10286K, committed 10368K, reserved 10624K
}
Event: 67.327 GC heap before
{Heap before GC invocations=56 (full 3):
 def new generation   total 14848K, used 14234K [0x04600000, 0x05610000, 0x09b50000)
  eden space 13248K, 100% used [0x04600000, 0x052f0000, 0x052f0000)
  from space 1600K,  61% used [0x052f0000, 0x053e6b78, 0x05480000)
  to   space 1600K,   0% used [0x05480000, 0x05480000, 0x05610000)
 tenured generation   total 32680K, used 20136K [0x09b50000, 0x0bb3a000, 0x14600000)
   the space 32680K,  61% used [0x09b50000, 0x0aefa248, 0x0aefa400, 0x0bb3a000)
 Metaspace       used 10032K, capacity 10286K, committed 10368K, reserved 10624K
Event: 67.330 GC heap after
Heap after GC invocations=57 (full 3):
 def new generation   total 14848K, used 146K [0x04600000, 0x05610000, 0x09b50000)
  eden space 13248K,   0% used [0x04600000, 0x04600000, 0x052f0000)
  from space 1600K,   9% used [0x05480000, 0x054a4998, 0x05610000)
  to   space 1600K,   0% used [0x052f0000, 0x052f0000, 0x05480000)
 tenured generation   total 32680K, used 21087K [0x09b50000, 0x0bb3a000, 0x14600000)
   the space 32680K,  64% used [0x09b50000, 0x0afe7f00, 0x0afe8000, 0x0bb3a000)
 Metaspace       used 10032K, capacity 10286K, committed 10368K, reserved 10624K
}
Event: 85.506 GC heap before
{Heap before GC invocations=57 (full 3):
 def new generation   total 14848K, used 13394K [0x04600000, 0x05610000, 0x09b50000)
  eden space 13248K, 100% used [0x04600000, 0x052f0000, 0x052f0000)
  from space 1600K,   9% used [0x05480000, 0x054a4998, 0x05610000)
  to   space 1600K,   0% used [0x052f0000, 0x052f0000, 0x05480000)
 tenured generation   total 32680K, used 21087K [0x09b50000, 0x0bb3a000, 0x14600000)
   the space 32680K,  64% used [0x09b50000, 0x0afe7f00, 0x0afe8000, 0x0bb3a000)
 Metaspace       used 10032K, capacity 10286K, committed 10368K, reserved 10624K
Event: 85.509 GC heap after
Heap after GC invocations=58 (full 3):
 def new generation   total 14848K, used 267K [0x04600000, 0x05610000, 0x09b50000)
  eden space 13248K,   0% used [0x04600000, 0x04600000, 0x052f0000)
  from space 1600K,  16% used [0x052f0000, 0x05332c28, 0x05480000)
  to   space 1600K,   0% used [0x05480000, 0x05480000, 0x05610000)
 tenured generation   total 32680K, used 21087K [0x09b50000, 0x0bb3a000, 0x14600000)
   the space 32680K,  64% used [0x09b50000, 0x0afe7f00, 0x0afe8000, 0x0bb3a000)
 Metaspace       used 10032K, capacity 10286K, committed 10368K, reserved 10624K
}

Deoptimization events (0 events):
No events

Internal exceptions (10 events):
Event: 24.129 Thread 0x1652a400 Exception <a 'java/lang/ArrayIndexOutOfBoundsException'> (0x04b74ae0) thrown at [D:\re\workspace\8-2-build-windows-i586-cygwin\jdk8u73\6086\hotspot\src\share\vm\runtime\sharedRuntime.cpp, line 605]
Event: 24.129 Thread 0x1652a400 Exception <a 'java/lang/ArrayIndexOutOfBoundsException'> (0x04b75ec8) thrown at [D:\re\workspace\8-2-build-windows-i586-cygwin\jdk8u73\6086\hotspot\src\share\vm\runtime\sharedRuntime.cpp, line 605]
Event: 24.129 Thread 0x1652a400 Exception <a 'java/lang/ArrayIndexOutOfBoundsException'> (0x04b771c0) thrown at [D:\re\workspace\8-2-build-windows-i586-cygwin\jdk8u73\6086\hotspot\src\share\vm\runtime\sharedRuntime.cpp, line 605]
Event: 24.129 Thread 0x1652a400 Exception <a 'java/lang/ArrayIndexOutOfBoundsException'> (0x04b785c0) thrown at [D:\re\workspace\8-2-build-windows-i586-cygwin\jdk8u73\6086\hotspot\src\share\vm\runtime\sharedRuntime.cpp, line 605]
Event: 24.129 Thread 0x1652a400 Exception <a 'java/lang/ArrayIndexOutOfBoundsException'> (0x04b799a8) thrown at [D:\re\workspace\8-2-build-windows-i586-cygwin\jdk8u73\6086\hotspot\src\share\vm\runtime\sharedRuntime.cpp, line 605]
Event: 24.129 Thread 0x1652a400 Exception <a 'java/lang/ArrayIndexOutOfBoundsException'> (0x04b7ad90) thrown at [D:\re\workspace\8-2-build-windows-i586-cygwin\jdk8u73\6086\hotspot\src\share\vm\runtime\sharedRuntime.cpp, line 605]
Event: 24.129 Thread 0x1652a400 Exception <a 'java/lang/ArrayIndexOutOfBoundsException'> (0x04b7c088) thrown at [D:\re\workspace\8-2-build-windows-i586-cygwin\jdk8u73\6086\hotspot\src\share\vm\runtime\sharedRuntime.cpp, line 605]
Event: 24.129 Thread 0x1652a400 Exception <a 'java/lang/ArrayIndexOutOfBoundsException'> (0x04b7d488) thrown at [D:\re\workspace\8-2-build-windows-i586-cygwin\jdk8u73\6086\hotspot\src\share\vm\runtime\sharedRuntime.cpp, line 605]
Event: 24.143 Thread 0x1652a400 Implicit null exception at 0x026d51fb to 0x026d5b97
Event: 24.143 Thread 0x1652a400 Exception <a 'java/lang/NullPointerException'> (0x04c85d60) thrown at [D:\re\workspace\8-2-build-windows-i586-cygwin\jdk8u73\6086\hotspot\src\share\vm\runtime\sharedRuntime.cpp, line 605]

Events (10 events):
Event: 91.353 Thread 0x204a0800 Thread added: 0x204a0800
Event: 91.353 Thread 0x2049f400 Thread exited: 0x2049f400
Event: 91.354 Executing VM operation: RevokeBias
Event: 91.354 Executing VM operation: RevokeBias done
Event: 91.355 loading class java/util/Vector$Itr
Event: 91.355 loading class java/util/Vector$Itr done
Event: 91.357 Thread 0x204a0000 Thread exited: 0x204a0000
Event: 91.359 Thread 0x1625e000 Thread exited: 0x1625e000
Event: 91.363 Thread 0x1652b800 Thread exited: 0x1652b800
Event: 91.365 Thread 0x2049ec00 Thread exited: 0x2049ec00


Dynamic libraries:
0x011c0000 - 0x011f3000 	C:\Program Files (x86)\Java\jre1.8.0_73\bin\java.exe
0x76f30000 - 0x770b0000 	C:\Windows\SysWOW64\ntdll.dll
0x74b90000 - 0x74ca0000 	C:\Windows\syswow64\kernel32.dll
0x750b0000 - 0x750f7000 	C:\Windows\syswow64\KERNELBASE.dll
0x764e0000 - 0x76580000 	C:\Windows\syswow64\ADVAPI32.dll
0x761a0000 - 0x7624c000 	C:\Windows\syswow64\msvcrt.dll
0x75340000 - 0x75359000 	C:\Windows\SysWOW64\sechost.dll
0x753f0000 - 0x754e0000 	C:\Windows\syswow64\RPCRT4.dll
0x748c0000 - 0x74920000 	C:\Windows\syswow64\SspiCli.dll
0x748b0000 - 0x748bc000 	C:\Windows\syswow64\CRYPTBASE.dll
0x74ea0000 - 0x74fa0000 	C:\Windows\syswow64\USER32.dll
0x76aa0000 - 0x76b30000 	C:\Windows\syswow64\GDI32.dll
0x75520000 - 0x7552a000 	C:\Windows\syswow64\LPK.dll
0x76580000 - 0x7661d000 	C:\Windows\syswow64\USP10.dll
0x72e30000 - 0x72fce000 	C:\Windows\WinSxS\x86_microsoft.windows.common-controls_6595b64144ccf1df_6.0.7601.17514_none_41e6975e2bd6f2b2\COMCTL32.dll
0x75040000 - 0x75097000 	C:\Windows\syswow64\SHLWAPI.dll
0x75390000 - 0x753f0000 	C:\Windows\system32\IMM32.DLL
0x74ca0000 - 0x74d6c000 	C:\Windows\syswow64\MSCTF.dll
0x73e50000 - 0x73e7c000 	C:\Program Files (x86)\AVG\Av\avghookx.dll
0x685d0000 - 0x6868f000 	C:\Program Files (x86)\Java\jre1.8.0_73\bin\msvcr100.dll
0x5e800000 - 0x5ebc8000 	C:\Program Files (x86)\Java\jre1.8.0_73\bin\client\jvm.dll
0x73ea0000 - 0x73ea7000 	C:\Windows\system32\WSOCK32.dll
0x754e0000 - 0x75515000 	C:\Windows\syswow64\WS2_32.dll
0x768e0000 - 0x768e6000 	C:\Windows\syswow64\NSI.dll
0x73880000 - 0x738b2000 	C:\Windows\system32\WINMM.dll
0x73060000 - 0x73069000 	C:\Windows\system32\VERSION.dll
0x74da0000 - 0x74da5000 	C:\Windows\syswow64\PSAPI.DLL
0x73cc0000 - 0x73ccc000 	C:\Program Files (x86)\Java\jre1.8.0_73\bin\verify.dll
0x6cf60000 - 0x6cf81000 	C:\Program Files (x86)\Java\jre1.8.0_73\bin\java.dll
0x68730000 - 0x68743000 	C:\Program Files (x86)\Java\jre1.8.0_73\bin\zip.dll
0x75550000 - 0x7619a000 	C:\Windows\syswow64\SHELL32.dll
0x76620000 - 0x7677c000 	C:\Windows\syswow64\ole32.dll
0x76f00000 - 0x76f0b000 	C:\Windows\syswow64\profapi.dll
0x5fd40000 - 0x5fe85000 	C:\Program Files (x86)\Java\jre1.8.0_73\bin\awt.dll
0x768f0000 - 0x7697f000 	C:\Windows\syswow64\OLEAUT32.dll
0x72800000 - 0x72880000 	C:\Windows\system32\uxtheme.dll
0x738c0000 - 0x738d3000 	C:\Windows\system32\dwmapi.dll
0x686f0000 - 0x68729000 	C:\Program Files (x86)\Java\jre1.8.0_73\bin\fontmanager.dll
0x686d0000 - 0x686e6000 	C:\Program Files (x86)\Java\jre1.8.0_73\bin\net.dll
0x74730000 - 0x7476c000 	C:\Windows\system32\mswsock.dll
0x74710000 - 0x74716000 	C:\Windows\System32\wship6.dll
0x71600000 - 0x7160f000 	C:\Program Files (x86)\Java\jre1.8.0_73\bin\nio.dll
0x686b0000 - 0x686d0000 	C:\Program Files\IrisTK\core\lib\x86\portaudio_x86.dll
0x76340000 - 0x764dd000 	C:\Windows\syswow64\SETUPAPI.dll
0x75360000 - 0x75387000 	C:\Windows\syswow64\CFGMGR32.dll
0x75530000 - 0x75542000 	C:\Windows\syswow64\DEVOBJ.dll
0x6ced0000 - 0x6ced7000 	C:\Program Files\IrisTK\core\lib\x86\jportaudio_x86.dll
0x745a0000 - 0x745d9000 	C:\Windows\system32\MMDevAPI.DLL
0x738e0000 - 0x739d5000 	C:\Windows\system32\PROPSYS.dll
0x685a0000 - 0x685d0000 	C:\Windows\system32\wdmaud.drv
0x6caf0000 - 0x6caf4000 	C:\Windows\system32\ksuser.dll
0x686a0000 - 0x686a7000 	C:\Windows\system32\AVRT.dll
0x682c0000 - 0x682f0000 	C:\Program Files (x86)\Java\jre1.8.0_73\bin\t2k.dll
0x74560000 - 0x74596000 	C:\Windows\system32\AUDIOSES.DLL
0x68690000 - 0x68698000 	C:\Windows\system32\msacm32.drv
0x742e0000 - 0x742f4000 	C:\Windows\system32\MSACM32.dll
0x68590000 - 0x68597000 	C:\Windows\system32\midimap.dll
0x74db0000 - 0x74e33000 	C:\Windows\syswow64\CLBCatQ.DLL
0x74b30000 - 0x74b5d000 	C:\Windows\syswow64\WINTRUST.dll
0x76980000 - 0x76a9d000 	C:\Windows\syswow64\CRYPT32.dll
0x750a0000 - 0x750ac000 	C:\Windows\syswow64\MSASN1.dll
0x68580000 - 0x6858a000 	C:\Program Files\IrisTK\addon\Microsoft\lib\jni4net.n.w32.v40-0.8.8.0.dll
0x68270000 - 0x682ba000 	C:\Windows\SYSTEM32\MSCOREE.DLL
0x681f0000 - 0x68268000 	C:\Windows\Microsoft.NET\Framework\v4.0.30319\mscoreei.dll
0x5e150000 - 0x5e7f8000 	C:\Windows\Microsoft.NET\Framework\v4.0.30319\clr.dll
0x5f880000 - 0x5f975000 	C:\Windows\system32\MSVCR120_CLR0400.dll
0x5cf20000 - 0x5e14b000 	C:\Windows\assembly\NativeImages_v4.0.30319_32\mscorlib\b7a12c4c0032847fcc6b9c710460456f\mscorlib.ni.dll
0x71ef0000 - 0x71f06000 	C:\Windows\system32\CRYPTSP.dll
0x71eb0000 - 0x71eeb000 	C:\Windows\system32\rsaenh.dll
0x5f800000 - 0x5f87d000 	C:\Windows\Microsoft.NET\Framework\v4.0.30319\clrjit.dll
0x76780000 - 0x768ca000 	C:\Windows\syswow64\urlmon.dll
0x74b10000 - 0x74b14000 	C:\Windows\syswow64\api-ms-win-downlevel-ole32-l1-1-0.dll
0x762e0000 - 0x762e4000 	C:\Windows\syswow64\api-ms-win-downlevel-shlwapi-l1-1-0.dll
0x74b20000 - 0x74b25000 	C:\Windows\syswow64\api-ms-win-downlevel-advapi32-l1-1-0.dll
0x74b80000 - 0x74b84000 	C:\Windows\syswow64\api-ms-win-downlevel-user32-l1-1-0.dll
0x74b70000 - 0x74b74000 	C:\Windows\syswow64\api-ms-win-downlevel-version-l1-1-0.dll
0x74b60000 - 0x74b63000 	C:\Windows\syswow64\api-ms-win-downlevel-normaliz-l1-1-0.dll
0x768d0000 - 0x768d3000 	C:\Windows\syswow64\normaliz.DLL
0x75100000 - 0x75332000 	C:\Windows\syswow64\iertutil.dll
0x74920000 - 0x74b04000 	C:\Windows\syswow64\WININET.dll
0x75020000 - 0x75037000 	C:\Windows\syswow64\USERENV.dll
0x73050000 - 0x73058000 	C:\Windows\system32\Secur32.dll
0x73e40000 - 0x73e44000 	C:\Windows\system32\api-ms-win-downlevel-advapi32-l2-1-0.dll
0x681d0000 - 0x681e3000 	C:\Windows\Microsoft.NET\Framework\v4.0.30319\nlssorting.dll
0x5b910000 - 0x5c2bd000 	C:\Windows\assembly\NativeImages_v4.0.30319_32\System\500ffa28b327e171fe664023003e947e\System.ni.dll
0x5b1f0000 - 0x5b906000 	C:\Windows\assembly\NativeImages_v4.0.30319_32\System.Xml\427ed7b1258457fdb8be46e9dd87cbd2\System.Xml.ni.dll
0x5ecd0000 - 0x5eea7000 	C:\Windows\assembly\NativeImages_v4.0.30319_32\System.Speech\baecebb41b202dae0f64bd327de02ce7\System.Speech.ni.dll
0x5b0c0000 - 0x5b1ea000 	C:\Windows\System32\Speech\Common\sapi.dll
0x73cb0000 - 0x73cbb000 	C:\Windows\system32\msdmo.dll
0x724d0000 - 0x724de000 	C:\Windows\system32\RpcRtRemote.dll
0x68390000 - 0x683ef000 	C:\Windows\system32\sxs.dll
0x68190000 - 0x681b8000 	C:\Program Files (x86)\Common Files\SpeechEngines\Microsoft\TTS20\MSTTSEngine.dll
0x680d0000 - 0x68116000 	C:\Program Files (x86)\Common Files\SpeechEngines\Microsoft\TTS20\en-US\MSTTSFrontendENU.dll
0x680c0000 - 0x680cb000 	C:\Program Files (x86)\Common Files\SpeechEngines\Microsoft\TTS20\MSTTSCommon.dll
0x680b0000 - 0x680b5000 	C:\Windows\system32\SHFOLDER.dll
0x72460000 - 0x72481000 	C:\Windows\system32\ntmarta.dll
0x762f0000 - 0x76335000 	C:\Windows\syswow64\WLDAP32.dll
0x68070000 - 0x6807a000 	C:\Program Files\IrisTK\addon\Face\lib\x86\ot12-OpenThreads.dll
0x5f790000 - 0x5f7f9000 	C:\Windows\system32\MSVCP100.dll
0x168c0000 - 0x168d3000 	C:\Program Files\IrisTK\addon\Face\lib\x86\zlib1.dll
0x16a50000 - 0x16a6e000 	C:\Program Files\IrisTK\addon\Face\lib\x86\libpng13.dll
0x68040000 - 0x68064000 	C:\Program Files\IrisTK\addon\Face\lib\x86\libexpat.dll
0x16cd0000 - 0x16cfb000 	C:\Program Files\IrisTK\addon\Face\lib\x86\glut32.dll
0x5ebe0000 - 0x5ec02000 	C:\Windows\system32\GLU32.dll
0x5ce50000 - 0x5cf18000 	C:\Windows\system32\OPENGL32.dll
0x5afd0000 - 0x5b0b7000 	C:\Windows\system32\DDRAW.dll
0x68030000 - 0x68036000 	C:\Windows\system32\DCIMAN32.dll
0x5a9a0000 - 0x5afcb000 	C:\Program Files\IrisTK\addon\Face\lib\x86\gdal18.dll
0x5a910000 - 0x5a99c000 	C:\Windows\system32\ODBC32.dll
0x5a8d0000 - 0x5a908000 	C:\Windows\system32\odbcint.dll
0x5a6d0000 - 0x5a8c6000 	C:\Program Files\IrisTK\addon\Face\lib\x86\osg80-osg.dll
0x5a5b0000 - 0x5a6c3000 	C:\Program Files\IrisTK\addon\Face\lib\x86\osg80-osgUtil.dll
0x5a4f0000 - 0x5a5a5000 	C:\Program Files\IrisTK\addon\Face\lib\x86\osg80-osgDB.dll
0x5a4a0000 - 0x5a4e3000 	C:\Program Files\IrisTK\addon\Face\lib\x86\osg80-osgText.dll
0x5a460000 - 0x5a49e000 	C:\Program Files\IrisTK\addon\Face\lib\x86\osg80-osgGA.dll
0x5a3d0000 - 0x5a454000 	C:\Program Files\IrisTK\addon\Face\lib\x86\osg80-osgViewer.dll
0x5a360000 - 0x5a3c5000 	C:\Program Files\IrisTK\addon\Face\lib\x86\osg80-osgAnimation.dll
0x5a340000 - 0x5a354000 	C:\Program Files\IrisTK\addon\Face\lib\x86\FaceLib.dll
0x72bc0000 - 0x72bdc000 	C:\Windows\system32\IPHLPAPI.DLL
0x72bb0000 - 0x72bb7000 	C:\Windows\system32\WINNSI.DLL
0x73b00000 - 0x73b12000 	C:\Windows\system32\dhcpcsvc.DLL
0x73af0000 - 0x73afd000 	C:\Windows\system32\dhcpcsvc6.DLL
0x1c0e0000 - 0x1ce43000 	C:\Windows\system32\ig4icd32.dll
0x5a320000 - 0x5a33d000 	C:\Program Files\IrisTK\addon\Face\lib\x86\osgPlugins-3.0.1\osgdb_osg.dll
0x5a2a0000 - 0x5a31e000 	C:\Program Files\IrisTK\addon\Face\lib\x86\osgPlugins-3.0.1\osgdb_deprecated_osg.dll
0x5a270000 - 0x5a291000 	C:\Program Files\IrisTK\addon\Face\lib\x86\osgPlugins-3.0.1\osgdb_deprecated_osganimation.dll
0x68020000 - 0x6802a000 	C:\Program Files\IrisTK\addon\Face\lib\x86\osgPlugins-3.0.1\osgdb_tga.dll
0x5a240000 - 0x5a263000 	C:\Program Files\IrisTK\addon\Face\lib\x86\osgPlugins-3.0.1\osgdb_jpeg.dll

VM Arguments:
jvm_args: -DIrisTK=C:\Program Files\IrisTK 
java_command: iristk.system.IrisCmd quiz
java_class_path (initial): C:\Program Files\IrisTK\iristk-cmd.jar
Launcher Type: SUN_STANDARD

Environment Variables:
PATH=C:\ProgramData\Oracle\Java\javapath;C:\Program Files (x86)\NVIDIA Corporation\PhysX\Common;C:\Windows\system32;C:\Windows;C:\Windows\System32\Wbem;C:\Windows\System32\WindowsPowerShell\v1.0\;C:\Program Files (x86)\GtkSharp\2.12\bin;null;C:\Program Files\IrisTK;C:\Program Files (x86)\Java\jre1.8.0_73\bin
USERNAME=HappyTimes
OS=Windows_NT
PROCESSOR_IDENTIFIER=Intel64 Family 6 Model 37 Stepping 2, GenuineIntel



---------------  S Y S T E M  ---------------

OS: Windows 7 , 64 bit Build 7601 (6.1.7601.18015)

CPU:total 4 (2 cores per cpu, 2 threads per core) family 6 model 37 stepping 2, cmov, cx8, fxsr, mmx, sse, sse2, sse3, ssse3, sse4.1, sse4.2, popcnt, aes, clmul, ht, tsc, tscinvbit

Memory: 4k page, physical 3987328k(1470408k free), swap 7972792k(5297124k free)

vm_info: Java HotSpot(TM) Client VM (25.73-b02) for windows-x86 JRE (1.8.0_73-b02), built on Jan 29 2016 17:05:52 by "java_re" with MS VC++ 10.0 (VS2010)

time: Mon Feb 22 10:22:26 2016
elapsed time: 91 seconds (0d 0h 1m 31s)

